mode: set
github.com\FactomProject\factomd\common\adminBlock\adminBlock.go:50.69,52.2 1 0
github.com\FactomProject\factomd\common\adminBlock\adminBlock.go:54.49,56.2 1 0
github.com\FactomProject\factomd\common\adminBlock\adminBlock.go:58.42,60.2 1 0
github.com\FactomProject\factomd\common\adminBlock\adminBlock.go:62.62,65.2 2 0
github.com\FactomProject\factomd\common\adminBlock\adminBlock.go:67.64,70.2 2 0
github.com\FactomProject\factomd\common\adminBlock\adminBlock.go:72.59,74.2 1 0
github.com\FactomProject\factomd\common\adminBlock\adminBlock.go:76.63,77.24 1 1
github.com\FactomProject\factomd\common\adminBlock\adminBlock.go:83.2,83.25 1 1
github.com\FactomProject\factomd\common\adminBlock\adminBlock.go:77.24,79.17 2 1
github.com\FactomProject\factomd\common\adminBlock\adminBlock.go:79.17,81.4 1 0
github.com\FactomProject\factomd\common\adminBlock\adminBlock.go:86.63,87.27 1 1
github.com\FactomProject\factomd\common\adminBlock\adminBlock.go:93.2,93.28 1 1
github.com\FactomProject\factomd\common\adminBlock\adminBlock.go:87.27,89.17 2 1
github.com\FactomProject\factomd\common\adminBlock\adminBlock.go:89.17,91.4 1 0
github.com\FactomProject\factomd\common\adminBlock\adminBlock.go:97.97,98.47 1 1
github.com\FactomProject\factomd\common\adminBlock\adminBlock.go:104.2,109.17 4 1
github.com\FactomProject\factomd\common\adminBlock\adminBlock.go:118.2,121.15 3 1
github.com\FactomProject\factomd\common\adminBlock\adminBlock.go:98.47,100.3 1 0
github.com\FactomProject\factomd\common\adminBlock\adminBlock.go:100.3,100.54 1 1
github.com\FactomProject\factomd\common\adminBlock\adminBlock.go:100.54,102.3 1 0
github.com\FactomProject\factomd\common\adminBlock\adminBlock.go:109.17,111.3 1 0
github.com\FactomProject\factomd\common\adminBlock\adminBlock.go:111.3,113.17 2 1
github.com\FactomProject\factomd\common\adminBlock\adminBlock.go:113.17,115.4 1 0
github.com\FactomProject\factomd\common\adminBlock\adminBlock.go:125.51,128.16 3 1
github.com\FactomProject\factomd\common\adminBlock\adminBlock.go:131.2,132.8 2 1
github.com\FactomProject\factomd\common\adminBlock\adminBlock.go:128.16,130.3 1 0
github.com\FactomProject\factomd\common\adminBlock\adminBlock.go:136.53,139.16 3 1
github.com\FactomProject\factomd\common\adminBlock\adminBlock.go:142.2,143.8 2 1
github.com\FactomProject\factomd\common\adminBlock\adminBlock.go:139.16,141.3 1 0
github.com\FactomProject\factomd\common\adminBlock\adminBlock.go:147.56,150.2 2 0
github.com\FactomProject\factomd\common\adminBlock\adminBlock.go:153.69,161.2 3 0
github.com\FactomProject\factomd\common\adminBlock\adminBlock.go:164.63,170.53 4 1
github.com\FactomProject\factomd\common\adminBlock\adminBlock.go:174.2,174.25 1 1
github.com\FactomProject\factomd\common\adminBlock\adminBlock.go:170.53,173.3 2 1
github.com\FactomProject\factomd\common\adminBlock\adminBlock.go:178.46,183.36 3 0
github.com\FactomProject\factomd\common\adminBlock\adminBlock.go:187.2,187.13 1 0
github.com\FactomProject\factomd\common\adminBlock\adminBlock.go:183.36,185.3 1 0
github.com\FactomProject\factomd\common\adminBlock\adminBlock.go:190.83,191.15 1 1
github.com\FactomProject\factomd\common\adminBlock\adminBlock.go:196.2,199.16 4 1
github.com\FactomProject\factomd\common\adminBlock\adminBlock.go:202.2,205.53 3 1
github.com\FactomProject\factomd\common\adminBlock\adminBlock.go:216.2,216.8 1 1
github.com\FactomProject\factomd\common\adminBlock\adminBlock.go:191.15,192.31 1 1
github.com\FactomProject\factomd\common\adminBlock\adminBlock.go:192.31,194.4 1 0
github.com\FactomProject\factomd\common\adminBlock\adminBlock.go:199.16,201.3 1 1
github.com\FactomProject\factomd\common\adminBlock\adminBlock.go:205.53,206.48 1 1
github.com\FactomProject\factomd\common\adminBlock\adminBlock.go:211.3,212.17 2 1
github.com\FactomProject\factomd\common\adminBlock\adminBlock.go:206.48,208.4 1 1
github.com\FactomProject\factomd\common\adminBlock\adminBlock.go:208.4,208.53 1 0
github.com\FactomProject\factomd\common\adminBlock\adminBlock.go:208.53,210.4 1 0
github.com\FactomProject\factomd\common\adminBlock\adminBlock.go:212.17,214.4 1 1
github.com\FactomProject\factomd\common\adminBlock\adminBlock.go:220.63,223.2 2 1
github.com\FactomProject\factomd\common\adminBlock\adminBlock.go:226.47,228.53 1 0
github.com\FactomProject\factomd\common\adminBlock\adminBlock.go:234.2,234.12 1 0
github.com\FactomProject\factomd\common\adminBlock\adminBlock.go:228.53,229.59 1 0
github.com\FactomProject\factomd\common\adminBlock\adminBlock.go:229.59,231.4 1 0
github.com\FactomProject\factomd\common\adminBlock\adminBlock.go:237.49,239.2 1 0
github.com\FactomProject\factomd\common\adminBlock\adminBlock.go:241.51,243.2 1 0
github.com\FactomProject\factomd\common\adminBlock\adminBlock.go:245.56,247.2 1 0
github.com\FactomProject\factomd\common\adminBlock\adminBlock.go:249.38,252.2 2 0
github.com\FactomProject\factomd\common\adminBlock\adminBlock.go:271.65,275.16 3 1
github.com\FactomProject\factomd\common\adminBlock\adminBlock.go:278.2,281.16 3 1
github.com\FactomProject\factomd\common\adminBlock\adminBlock.go:284.2,294.25 7 1
github.com\FactomProject\factomd\common\adminBlock\adminBlock.go:275.16,277.3 1 0
github.com\FactomProject\factomd\common\adminBlock\adminBlock.go:281.16,283.3 1 0
github.com\FactomProject\factomd\common\adminBlock\adminBlock.go:297.48,309.2 9 1
github.com\FactomProject\factomd\common\adminBlock\adminBlock.go:311.85,312.15 1 1
github.com\FactomProject\factomd\common\adminBlock\adminBlock.go:317.2,320.16 4 1
github.com\FactomProject\factomd\common\adminBlock\adminBlock.go:324.2,326.16 3 1
github.com\FactomProject\factomd\common\adminBlock\adminBlock.go:330.2,338.8 6 1
github.com\FactomProject\factomd\common\adminBlock\adminBlock.go:312.15,313.31 1 1
github.com\FactomProject\factomd\common\adminBlock\adminBlock.go:313.31,315.4 1 1
github.com\FactomProject\factomd\common\adminBlock\adminBlock.go:320.16,322.3 1 1
github.com\FactomProject\factomd\common\adminBlock\adminBlock.go:326.16,328.3 1 0
github.com\FactomProject\factomd\common\adminBlock\adminBlock.go:342.65,345.2 2 1
github.com\FactomProject\factomd\common\adminBlock\adminBlock.go:347.51,349.2 1 0
github.com\FactomProject\factomd\common\adminBlock\adminBlock.go:351.53,353.2 1 0
github.com\FactomProject\factomd\common\adminBlock\adminBlock.go:355.58,357.2 1 0
github.com\FactomProject\factomd\common\adminBlock\adminBlock.go:359.40,362.2 2 0
github.com\FactomProject\factomd\common\adminBlock\adminBlock.go:377.45,379.2 1 0
github.com\FactomProject\factomd\common\adminBlock\adminBlock.go:381.45,383.16 2 0
github.com\FactomProject\factomd\common\adminBlock\adminBlock.go:386.2,387.12 2 0
github.com\FactomProject\factomd\common\adminBlock\adminBlock.go:383.16,385.3 1 0
github.com\FactomProject\factomd\common\adminBlock\DBSignatureEntry.go:23.113,30.2 6 1
github.com\FactomProject\factomd\common\adminBlock\DBSignatureEntry.go:32.40,34.2 1 0
github.com\FactomProject\factomd\common\adminBlock\DBSignatureEntry.go:36.69,42.16 4 1
github.com\FactomProject\factomd\common\adminBlock\DBSignatureEntry.go:45.2,48.16 3 1
github.com\FactomProject\factomd\common\adminBlock\DBSignatureEntry.go:52.2,53.16 2 1
github.com\FactomProject\factomd\common\adminBlock\DBSignatureEntry.go:57.2,57.25 1 1
github.com\FactomProject\factomd\common\adminBlock\DBSignatureEntry.go:42.16,44.3 1 0
github.com\FactomProject\factomd\common\adminBlock\DBSignatureEntry.go:48.16,50.3 1 0
github.com\FactomProject\factomd\common\adminBlock\DBSignatureEntry.go:53.16,55.3 1 0
github.com\FactomProject\factomd\common\adminBlock\DBSignatureEntry.go:60.52,68.2 6 1
github.com\FactomProject\factomd\common\adminBlock\DBSignatureEntry.go:70.89,71.15 1 1
github.com\FactomProject\factomd\common\adminBlock\DBSignatureEntry.go:76.2,81.16 5 1
github.com\FactomProject\factomd\common\adminBlock\DBSignatureEntry.go:85.2,94.8 7 1
github.com\FactomProject\factomd\common\adminBlock\DBSignatureEntry.go:71.15,72.31 1 1
github.com\FactomProject\factomd\common\adminBlock\DBSignatureEntry.go:72.31,74.4 1 1
github.com\FactomProject\factomd\common\adminBlock\DBSignatureEntry.go:81.16,83.3 1 0
github.com\FactomProject\factomd\common\adminBlock\DBSignatureEntry.go:97.69,100.2 2 0
github.com\FactomProject\factomd\common\adminBlock\DBSignatureEntry.go:102.55,104.2 1 0
github.com\FactomProject\factomd\common\adminBlock\DBSignatureEntry.go:106.57,108.2 1 0
github.com\FactomProject\factomd\common\adminBlock\DBSignatureEntry.go:110.62,112.2 1 0
github.com\FactomProject\factomd\common\adminBlock\DBSignatureEntry.go:114.44,117.2 2 0
github.com\FactomProject\factomd\common\adminBlock\DBSignatureEntry.go:119.51,121.2 1 1
github.com\FactomProject\factomd\common\adminBlock\DBSignatureEntry.go:123.47,125.2 1 1
github.com\FactomProject\factomd\common\adminBlock\DBSignatureEntry.go:127.52,129.16 2 0
github.com\FactomProject\factomd\common\adminBlock\DBSignatureEntry.go:132.2,132.28 1 0
github.com\FactomProject\factomd\common\adminBlock\DBSignatureEntry.go:129.16,130.13 1 0
github.com\FactomProject\factomd\common\adminBlock\EndOfMinuteEntry.go:19.40,21.2 1 0
github.com\FactomProject\factomd\common\adminBlock\EndOfMinuteEntry.go:23.69,31.2 4 1
github.com\FactomProject\factomd\common\adminBlock\EndOfMinuteEntry.go:33.52,39.2 4 1
github.com\FactomProject\factomd\common\adminBlock\EndOfMinuteEntry.go:41.89,42.15 1 1
github.com\FactomProject\factomd\common\adminBlock\EndOfMinuteEntry.go:47.2,52.8 4 1
github.com\FactomProject\factomd\common\adminBlock\EndOfMinuteEntry.go:42.15,43.31 1 1
github.com\FactomProject\factomd\common\adminBlock\EndOfMinuteEntry.go:43.31,45.4 1 0
github.com\FactomProject\factomd\common\adminBlock\EndOfMinuteEntry.go:55.69,58.2 2 1
github.com\FactomProject\factomd\common\adminBlock\EndOfMinuteEntry.go:60.55,62.2 1 0
github.com\FactomProject\factomd\common\adminBlock\EndOfMinuteEntry.go:64.57,66.2 1 0
github.com\FactomProject\factomd\common\adminBlock\EndOfMinuteEntry.go:68.62,70.2 1 0
github.com\FactomProject\factomd\common\adminBlock\EndOfMinuteEntry.go:72.44,75.2 2 0
github.com\FactomProject\factomd\common\adminBlock\EndOfMinuteEntry.go:77.51,79.2 1 1
github.com\FactomProject\factomd\common\adminBlock\EndOfMinuteEntry.go:81.47,83.2 1 1
github.com\FactomProject\factomd\common\adminBlock\EndOfMinuteEntry.go:85.52,87.16 2 0
github.com\FactomProject\factomd\common\adminBlock\EndOfMinuteEntry.go:90.2,90.28 1 0
github.com\FactomProject\factomd\common\adminBlock\EndOfMinuteEntry.go:87.16,88.13 1 0
